
1438

1421

1582

1997

1691

1578

1814

1661

1508

1974

1422

1630

1683

1443

1555

1904

1464

1509

1980

981

1783

1450

1627

1667

1981

1957

1423

1398

1758

1901

1440

1571

1562

1352

1377

1816

1699

1537

1870

1609

1392

1381

1713

1803

1474

1850

1570

1586

1463

1074

1517

1619

1607

2001

1874

1993

1934

1763

1580

1552

1498

1470

1772

1864

1369

1388

1278

1358

1841

1659

1590

1865

1998

1985

1719

1812

1371

1483

1473

1341

1386

1918

1890

1804

2020

1605

1853

1921

1374

1878

1668

1522

1694

1740

1399

1329

1773

1378

1591

1281

1899

1556

1672

1676

1638

1583

2002

1434

1380

1706

1493

1461

1495

1430

1799

1734

1846

1539

1621

1679

1290

1628

1963

1405

1863

1652

1696

1902

1631

1932

1916

1523

1525

1342

1310

1896

1893

1895

1016

1264

1898

1119

1254

1118

1169

1345

1255

1168

1927

1999

1263

1200

1032

1872

1936

1335

1879

1322
